#
# A fatal error has been detected by the Java Runtime Environment:
#
#  EXCEPTION_ACCESS_VIOLATION (0xc0000005) at pc=0x508bdd39, pid=3892, tid=8236
#
# JRE version: Java(TM) SE Runtime Environment (7.0_71-b14) (build 1.7.0_71-b14)
# Java VM: Java HotSpot(TM) Client VM (24.71-b01 mixed mode windows-x86 )
# Problematic frame:
# C  [jcef.dll+0xdd39]
#
# Failed to write core dump. Minidumps are not enabled by default on client versions of Windows
#
# If you would like to submit a bug report, please visit:
#   http://bugreport.sun.com/bugreport/crash.jsp
#

---------------  T H R E A D  ---------------

Current thread (0x29a8f000):  VMThread [stack: 0x29b90000,0x29c90000] [id=8236]

siginfo: ExceptionCode=0xc0000005, reading address 0x00000058

Registers:
EAX=0x29a8f130, EBX=0x50918678, ECX=0x00000000, EDX=0x2bd09c44
ESP=0x29c8f848, EBP=0x29c8f860, ESI=0x386d04ec, EDI=0x384a7774
EIP=0x508bdd39, EFLAGS=0x00010206

Top of Stack: (sp=0x29c8f848)
0x29c8f848:   29a8f130 2bd09c44 384a7774 386d04a0
0x29c8f858:   29a8f130 014b74a0 29c8f870 508be190
0x29c8f868:   384a7774 386d85e0 29c8f88c 508bddcc
0x29c8f878:   00000001 508e7e17 384a7760 508e7492
0x29c8f888:   00000000 29c8f8ac 35968e54 386d85e4
0x29c8f898:   38511400 38511400 359a2300 386d7e6c
0x29c8f8a8:   38560ea0 29c8f8b8 359a2adb 3856e780
0x29c8f8b8:   29c8f8d4 359a87e8 00000001 35969756 

Instructions: (pc=0x508bdd39)
0x508bdd19:   00 00 c6 45 ff 00 e8 dc 55 ff ff 83 c4 08 85 c0
0x508bdd29:   75 1f 8b 45 f8 85 c0 74 18 8b 56 bc 8b 08 52 50
0x508bdd39:   8b 41 58 ff d0 8d 4d ff 51 e8 09 56 ff ff 83 c4
0x508bdd49:   04 8d 4e e0 e8 1e 08 02 00 8b 46 d4 8b 08 50 51 


Register to memory mapping:

EAX=
[error occurred during error reporting (printing register info), id 0xc0000005]

Stack: [0x29b90000,0x29c90000],  sp=0x29c8f848,  free space=1022k
Native frames: (J=compiled Java code, j=interpreted, Vv=VM code, C=native code)
C  [jcef.dll+0xdd39]
C  [jcef.dll+0xe190]
C  [jcef.dll+0xddcc]
C  [libcef.dll+0x48e54]
C  [libcef.dll+0x82adb]
C  [libcef.dll+0x887e8]
C  [jcef.dll+0x35e16]
C  [jcef.dll+0x27813]
C  [jcef.dll+0x5622b]
C  [jcef.dll+0x4825a]
C  [jcef.dll+0x4832d]
C  [jcef.dll+0x44c86]
C  [jcef.dll+0x44cf1]
C  [ntdll.dll+0x497de]
C  [ntdll.dll+0x49758]
C  [ntdll.dll+0x6cd68]
C  [ntdll.dll+0x6ce11]
C  [KERNEL32.DLL+0x29863]
C  [MSVCR100.dll+0x27997]
C  [MSVCR100.dll+0x27ab0]
C  [MSVCR100.dll+0x27b1d]
V  [jvm.dll+0x140952]
V  [jvm.dll+0x16909d]
V  [jvm.dll+0x1684b1]
V  [jvm.dll+0x1688c7]
V  [jvm.dll+0x168ac2]
V  [jvm.dll+0x1a80f9]
C  [MSVCR100.dll+0x5c556]
C  [MSVCR100.dll+0x5c600]
C  [KERNEL32.DLL+0x17c04]
C  [ntdll.dll+0x5ad1f]
C  [ntdll.dll+0x5acea]

VM_Operation (0x0018fac0): Exit, mode: safepoint, requested by thread 0x0217c000


---------------  P R O C E S S  ---------------

Java Threads: ( => current thread )
  0x2eae4c00 JavaThread "Thread-11" daemon [_thread_in_native, id=2772, stack(0x3ab00000,0x3ac00000)]
  0x2eae7000 JavaThread "Thread-9" daemon [_thread_in_native, id=7984, stack(0x39890000,0x39990000)]
  0x2eae5800 JavaThread "TimerQueue" daemon [_thread_blocked, id=3452, stack(0x3b240000,0x3b340000)]
  0x2eae5000 JavaThread "AWT-EventQueue-0" [_thread_blocked, id=10476, stack(0x35820000,0x35920000)]
  0x2eae4000 JavaThread "AWT-Shutdown" [_thread_blocked, id=10880, stack(0x355a0000,0x356a0000)]
  0x2eae2400 JavaThread "Java2D Disposer" daemon [_thread_blocked, id=9412, stack(0x350d0000,0x351d0000)]
  0x2e8ba800 JavaThread "Pool C:\Users\User\AppData\Roaming\CooCox\CoIDE\repo\CODB_SIMPLIFY.FDB idleRemover" daemon [_thread_blocked, id=4744, stack(0x33810000,0x33910000)]
  0x29abd800 JavaThread "Service Thread" daemon [_thread_blocked, id=6760, stack(0x2a3d0000,0x2a4d0000)]
  0x29ab7800 JavaThread "C1 CompilerThread0" daemon [_thread_blocked, id=7900, stack(0x2a290000,0x2a390000)]
  0x29ab7000 JavaThread "Attach Listener" daemon [_thread_blocked, id=6800, stack(0x2a150000,0x2a250000)]
  0x29ab6400 JavaThread "Signal Dispatcher" daemon [_thread_blocked, id=7492, stack(0x2a010000,0x2a110000)]
  0x29ab5800 JavaThread "Surrogate Locker Thread (Concurrent GC)" daemon [_thread_blocked, id=12512, stack(0x29ed0000,0x29fd0000)]
  0x29a98400 JavaThread "Finalizer" daemon [_thread_blocked, id=11340, stack(0x29d90000,0x29e90000)]
  0x29a91c00 JavaThread "Reference Handler" daemon [_thread_blocked, id=8728, stack(0x29c90000,0x29d90000)]
  0x0217c000 JavaThread "main" [_thread_blocked, id=11240, stack(0x00090000,0x00190000)]

Other Threads:
=>0x29a8f000 VMThread [stack: 0x29b90000,0x29c90000] [id=8236]

VM state:at safepoint (shutting down)

VM Mutex/Monitor currently owned by a thread:  ([mutex/lock_event])
[0x0217a1c8] Threads_lock - owner thread: 0x29a8f000

Heap
 par new generation   total 18432K, used 2277K [0x04600000, 0x05a00000, 0x0f0a0000)
  eden space 16384K,   4% used [0x04600000, 0x046a50d8, 0x05600000)
  from space 2048K,  78% used [0x05800000, 0x05994560, 0x05a00000)
  to   space 2048K,   0% used [0x05600000, 0x05600000, 0x05800000)
 concurrent mark-sweep generation total 60008K, used 45902K [0x0f0a0000, 0x12b3a000, 0x24600000)
 concurrent-mark-sweep perm gen total 65536K, used 47950K [0x24600000, 0x28600000, 0x28600000)

Card table byte_map: [0x28600000,0x28730000] byte_map_base: 0x285dd000

Polling page: 0x00220000

Code Cache  [0x02180000, 0x02b08000, 0x04180000)
 total_blobs=4887 nmethods=4625 adapters=194 free_code_cache=23022Kb largest_free_block=23567040

Compilation events (10 events):
Event: 496.341 Thread 0x29ab7800 4727   !         org.eclipse.osgi.framework.eventmgr.ListenerQueue::dispatchEventSynchronous (81 bytes)
Event: 496.342 Thread 0x29ab7800 nmethod 4727 0x02b035c8 code [0x02b03750, 0x02b03b04]
Event: 496.369 Thread 0x29ab7800 4728  s          org.eclipse.core.internal.jobs.WorkerPool::remove (71 bytes)
Event: 496.369 Thread 0x29ab7800 nmethod 4728 0x02b03d08 code [0x02b03e20, 0x02b0414c]
Event: 496.374 Thread 0x29ab7800 4729             org.eclipse.osgi.internal.serviceregistry.ShrinkableCollection::initComposite (157 bytes)
Event: 496.375 Thread 0x29ab7800 nmethod 4729 0x02b04348 code [0x02b04530, 0x02b0485c]
Event: 496.390 Thread 0x29ab7800 4730             org.eclipse.osgi.framework.eventmgr.CopyOnWriteIdentityMap$Snapshot$EntrySet::iterator (12 bytes)
Event: 496.391 Thread 0x29ab7800 nmethod 4730 0x02b04bc8 code [0x02b04cc0, 0x02b04db0]
Event: 496.420 Thread 0x29ab7800 4731   !         org.eclipse.osgi.internal.serviceregistry.ServiceRegistry::publishServiceEventPrivileged (256 bytes)
Event: 496.421 Thread 0x29ab7800 nmethod 4731 0x02b04e88 code [0x02b05110, 0x02b05a74]

GC Heap History (10 events):
Event: 441.570 GC heap before
{Heap before GC invocations=120 (full 8):
 par new generation   total 18432K, used 18432K [0x04600000, 0x05a00000, 0x0f0a0000)
  eden space 16384K, 100% used [0x04600000, 0x05600000, 0x05600000)
  from space 2048K, 100% used [0x05600000, 0x05800000, 0x05800000)
  to   space 2048K,   0% used [0x05800000, 0x05800000, 0x05a00000)
 concurrent mark-sweep generation total 60008K, used 41554K [0x0f0a0000, 0x12b3a000, 0x24600000)
 concurrent-mark-sweep perm gen total 65536K, used 47492K [0x24600000, 0x28600000, 0x28600000)
Event: 441.578 GC heap after
Heap after GC invocations=121 (full 8):
 par new generation   total 18432K, used 2048K [0x04600000, 0x05a00000, 0x0f0a0000)
  eden space 16384K,   0% used [0x04600000, 0x04600000, 0x05600000)
  from space 2048K, 100% used [0x05800000, 0x05a00000, 0x05a00000)
  to   space 2048K,   0% used [0x05600000, 0x05600000, 0x05800000)
 concurrent mark-sweep generation total 60008K, used 44665K [0x0f0a0000, 0x12b3a000, 0x24600000)
 concurrent-mark-sweep perm gen total 65536K, used 47492K [0x24600000, 0x28600000, 0x28600000)
}
Event: 495.405 GC heap before
{Heap before GC invocations=121 (full 8):
 par new generation   total 18432K, used 18432K [0x04600000, 0x05a00000, 0x0f0a0000)
  eden space 16384K, 100% used [0x04600000, 0x05600000, 0x05600000)
  from space 2048K, 100% used [0x05800000, 0x05a00000, 0x05a00000)
  to   space 2048K,   0% used [0x05600000, 0x05600000, 0x05800000)
 concurrent mark-sweep generation total 60008K, used 44665K [0x0f0a0000, 0x12b3a000, 0x24600000)
 concurrent-mark-sweep perm gen total 65536K, used 47521K [0x24600000, 0x28600000, 0x28600000)
Event: 495.409 GC heap after
Heap after GC invocations=122 (full 8):
 par new generation   total 18432K, used 2014K [0x04600000, 0x05a00000, 0x0f0a0000)
  eden space 16384K,   0% used [0x04600000, 0x04600000, 0x05600000)
  from space 2048K,  98% used [0x05600000, 0x057f7bf0, 0x05800000)
  to   space 2048K,   0% used [0x05800000, 0x05800000, 0x05a00000)
 concurrent mark-sweep generation total 60008K, used 45902K [0x0f0a0000, 0x12b3a000, 0x24600000)
 concurrent-mark-sweep perm gen total 65536K, used 47521K [0x24600000, 0x28600000, 0x28600000)
}
Event: 495.449 GC heap before
{Heap before GC invocations=122 (full 8):
 par new generation   total 18432K, used 18398K [0x04600000, 0x05a00000, 0x0f0a0000)
  eden space 16384K, 100% used [0x04600000, 0x05600000, 0x05600000)
  from space 2048K,  98% used [0x05600000, 0x057f7bf0, 0x05800000)
  to   space 2048K,   0% used [0x05800000, 0x05800000, 0x05a00000)
 concurrent mark-sweep generation total 60008K, used 45902K [0x0f0a0000, 0x12b3a000, 0x24600000)
 concurrent-mark-sweep perm gen total 65536K, used 47521K [0x24600000, 0x28600000, 0x28600000)
Event: 495.450 GC heap after
Heap after GC invocations=123 (full 8):
 par new generation   total 18432K, used 883K [0x04600000, 0x05a00000, 0x0f0a0000)
  eden space 16384K,   0% used [0x04600000, 0x04600000, 0x05600000)
  from space 2048K,  43% used [0x05800000, 0x058dcec0, 0x05a00000)
  to   space 2048K,   0% used [0x05600000, 0x05600000, 0x05800000)
 concurrent mark-sweep generation total 60008K, used 45902K [0x0f0a0000, 0x12b3a000, 0x24600000)
 concurrent-mark-sweep perm gen total 65536K, used 47521K [0x24600000, 0x28600000, 0x28600000)
}
Event: 495.484 GC heap before
{Heap before GC invocations=123 (full 8):
 par new generation   total 18432K, used 17267K [0x04600000, 0x05a00000, 0x0f0a0000)
  eden space 16384K, 100% used [0x04600000, 0x05600000, 0x05600000)
  from space 2048K,  43% used [0x05800000, 0x058dcec0, 0x05a00000)
  to   space 2048K,   0% used [0x05600000, 0x05600000, 0x05800000)
 concurrent mark-sweep generation total 60008K, used 45902K [0x0f0a0000, 0x12b3a000, 0x24600000)
 concurrent-mark-sweep perm gen total 65536K, used 47521K [0x24600000, 0x28600000, 0x28600000)
Event: 495.486 GC heap after
Heap after GC invocations=124 (full 8):
 par new generation   total 18432K, used 1044K [0x04600000, 0x05a00000, 0x0f0a0000)
  eden space 16384K,   0% used [0x04600000, 0x04600000, 0x05600000)
  from space 2048K,  51% used [0x05600000, 0x057052a0, 0x05800000)
  to   space 2048K,   0% used [0x05800000, 0x05800000, 0x05a00000)
 concurrent mark-sweep generation total 60008K, used 45902K [0x0f0a0000, 0x12b3a000, 0x24600000)
 concurrent-mark-sweep perm gen total 65536K, used 47521K [0x24600000, 0x28600000, 0x28600000)
}
Event: 496.428 GC heap before
{Heap before GC invocations=124 (full 8):
 par new generation   total 18432K, used 17428K [0x04600000, 0x05a00000, 0x0f0a0000)
  eden space 16384K, 100% used [0x04600000, 0x05600000, 0x05600000)
  from space 2048K,  51% used [0x05600000, 0x057052a0, 0x05800000)
  to   space 2048K,   0% used [0x05800000, 0x05800000, 0x05a00000)
 concurrent mark-sweep generation total 60008K, used 45902K [0x0f0a0000, 0x12b3a000, 0x24600000)
 concurrent-mark-sweep perm gen total 65536K, used 47950K [0x24600000, 0x28600000, 0x28600000)
Event: 496.431 GC heap after
Heap after GC invocations=125 (full 8):
 par new generation   total 18432K, used 1617K [0x04600000, 0x05a00000, 0x0f0a0000)
  eden space 16384K,   0% used [0x04600000, 0x04600000, 0x05600000)
  from space 2048K,  78% used [0x05800000, 0x05994560, 0x05a00000)
  to   space 2048K,   0% used [0x05600000, 0x05600000, 0x05800000)
 concurrent mark-sweep generation total 60008K, used 45902K [0x0f0a0000, 0x12b3a000, 0x24600000)
 concurrent-mark-sweep perm gen total 65536K, used 47950K [0x24600000, 0x28600000, 0x28600000)
}

Deoptimization events (0 events):
No events

Internal exceptions (10 events):
Event: 496.392 Thread 0x0217c000 Threw 0x0558b6c8 at C:\re\jdk7u71\1605\hotspot\src\share\vm\prims\jvm.cpp:1281
Event: 496.394 Thread 0x0217c000 Threw 0x0558f8d8 at C:\re\jdk7u71\1605\hotspot\src\share\vm\prims\jvm.cpp:1281
Event: 496.409 Thread 0x0217c000 Threw 0x055a5b78 at C:\re\jdk7u71\1605\hotspot\src\share\vm\prims\jvm.cpp:1281
Event: 496.410 Thread 0x0217c000 Threw 0x055a9dd0 at C:\re\jdk7u71\1605\hotspot\src\share\vm\prims\jvm.cpp:1281
Event: 496.411 Thread 0x0217c000 Threw 0x055ae878 at C:\re\jdk7u71\1605\hotspot\src\share\vm\prims\jvm.cpp:1281
Event: 496.413 Thread 0x0217c000 Threw 0x055baab8 at C:\re\jdk7u71\1605\hotspot\src\share\vm\prims\jvm.cpp:1281
Event: 496.415 Thread 0x2a735800 Threw 0x055c5f68 at C:\re\jdk7u71\1605\hotspot\src\share\vm\prims\jvm.cpp:3002
Event: 496.419 Thread 0x2eae2c00 Threw 0x055eee98 at C:\re\jdk7u71\1605\hotspot\src\share\vm\runtime\objectMonitor.cpp:1652
Event: 496.426 Thread 0x2a739c00 Threw 0x055f5e20 at C:\re\jdk7u71\1605\hotspot\src\share\vm\runtime\objectMonitor.cpp:1652
Event: 496.506 Thread 0x2a73a800 Threw 0x04696e28 at C:\re\jdk7u71\1605\hotspot\src\share\vm\runtime\objectMonitor.cpp:1652

Events (10 events):
Event: 496.506 Thread 0x2a73a800 Thread exited: 0x2a73a800
Event: 496.506 loading class 0x29b20c78
Event: 496.506 loading class 0x29b20c78 done
Event: 496.506 Thread 0x2a702c00 Thread exited: 0x2a702c00
Event: 496.507 Thread 0x2eae3400 Thread added: 0x2eae3400
Event: 496.507 Thread 0x2eae1400 Thread added: 0x2eae1400
Event: 496.507 Thread 0x2eae1400 Thread exited: 0x2eae1400
Event: 496.508 Thread 0x2eae0800 Thread exited: 0x2eae0800
Event: 496.607 Thread 0x2eae3400 Thread exited: 0x2eae3400
Event: 496.607 Executing VM operation: Exit


Dynamic libraries:
0x00400000 - 0x0040d000 	C:\CooCox\CoIDE_V2Beta\CoIDE.exe
0x77420000 - 0x7758e000 	C:\Windows\SYSTEM32\ntdll.dll
0x762c0000 - 0x76400000 	C:\Windows\SYSTEM32\KERNEL32.DLL
0x77000000 - 0x770d7000 	C:\Windows\SYSTEM32\KERNELBASE.dll
0x769f0000 - 0x76b43000 	C:\Windows\SYSTEM32\USER32.dll
0x733c0000 - 0x73449000 	C:\Windows\WinSxS\x86_microsoft.windows.common-controls_6595b64144ccf1df_5.82.9600.17810_none_7c5b6194aa0716f1\COMCTL32.dll
0x74f00000 - 0x74fc3000 	C:\Windows\SYSTEM32\MSVCRT.dll
0x74df0000 - 0x74eff000 	C:\Windows\SYSTEM32\GDI32.dll
0x76540000 - 0x765bc000 	C:\Windows\SYSTEM32\ADVAPI32.dll
0x76660000 - 0x766a1000 	C:\Windows\SYSTEM32\sechost.dll
0x76f40000 - 0x76ffa000 	C:\Windows\SYSTEM32\RPCRT4.dll
0x74c20000 - 0x74c3e000 	C:\Windows\SYSTEM32\SspiCli.dll
0x74c10000 - 0x74c1a000 	C:\Windows\SYSTEM32\CRYPTBASE.dll
0x74bb0000 - 0x74c04000 	C:\Windows\SYSTEM32\bcryptPrimitives.dll
0x76830000 - 0x76857000 	C:\Windows\system32\IMM32.DLL
0x76cf0000 - 0x76e02000 	C:\Windows\SYSTEM32\MSCTF.dll
0x72000000 - 0x7200d000 	C:\CooCox\CoIDE_V2Beta\plugins\org.eclipse.equinox.launcher.win32.win32.x86_1.1.100.v20110502\eclipse_1406.dll
0x74000000 - 0x74008000 	C:\Windows\SYSTEM32\VERSION.dll
0x6daa0000 - 0x6de29000 	C:\CooCox\CoIDE_V2Beta\jre\bin\client\jvm.dll
0x72390000 - 0x72398000 	C:\Windows\SYSTEM32\WSOCK32.dll
0x72480000 - 0x724a3000 	C:\Windows\SYSTEM32\WINMM.dll
0x769a0000 - 0x769a6000 	C:\Windows\SYSTEM32\PSAPI.DLL
0x745f0000 - 0x746af000 	C:\Windows\SYSTEM32\MSVCR100.dll
0x76860000 - 0x768b0000 	C:\Windows\SYSTEM32\WS2_32.dll
0x723a0000 - 0x723c3000 	C:\Windows\SYSTEM32\WINMMBASE.dll
0x762b0000 - 0x762b7000 	C:\Windows\SYSTEM32\NSI.dll
0x769b0000 - 0x769ec000 	C:\Windows\SYSTEM32\cfgmgr32.dll
0x743c0000 - 0x743e1000 	C:\Windows\SYSTEM32\DEVOBJ.dll
0x53130000 - 0x5313c000 	C:\CooCox\CoIDE_V2Beta\jre\bin\verify.dll
0x53110000 - 0x53130000 	C:\CooCox\CoIDE_V2Beta\jre\bin\java.dll
0x530f0000 - 0x53103000 	C:\CooCox\CoIDE_V2Beta\jre\bin\zip.dll
0x73fe0000 - 0x73ff9000 	C:\Windows\SYSTEM32\CRYPTSP.dll
0x73fb0000 - 0x73fe0000 	C:\Windows\system32\rsaenh.dll
0x73f90000 - 0x73fae000 	C:\Windows\SYSTEM32\bcrypt.dll
0x742e0000 - 0x742fb000 	C:\Windows\SYSTEM32\USERENV.dll
0x74540000 - 0x7454f000 	C:\Windows\SYSTEM32\profapi.dll
0x530d0000 - 0x530e4000 	C:\CooCox\CoIDE_V2Beta\jre\bin\net.dll
0x74370000 - 0x743bb000 	C:\Windows\system32\mswsock.dll
0x74760000 - 0x74780000 	C:\Windows\SYSTEM32\IPHLPAPI.DLL
0x745e0000 - 0x745e8000 	C:\Windows\SYSTEM32\WINNSI.DLL
0x73a30000 - 0x73a43000 	C:\Windows\SYSTEM32\dhcpcsvc6.DLL
0x73a10000 - 0x73a24000 	C:\Windows\SYSTEM32\dhcpcsvc.DLL
0x530c0000 - 0x530cf000 	C:\CooCox\CoIDE_V2Beta\jre\bin\nio.dll
0x73a50000 - 0x73b3d000 	C:\Windows\system32\uxtheme.dll
0x766b0000 - 0x7682d000 	C:\Windows\SYSTEM32\combase.dll
0x71940000 - 0x7194e000 	C:\Program Files\Acer\Acer Power Management\CBT_DLL.dll
0x76e10000 - 0x76f39000 	C:\Windows\system32\ole32.dll
0x74010000 - 0x74019000 	C:\Windows\SYSTEM32\kernel.appcore.dll
0x73920000 - 0x73931000 	C:\Windows\system32\napinsp.dll
0x73900000 - 0x73916000 	C:\Windows\system32\pnrpnsp.dll
0x738e0000 - 0x738f4000 	C:\Windows\system32\NLAapi.dll
0x73eb0000 - 0x73f2e000 	C:\Windows\SYSTEM32\DNSAPI.dll
0x738d0000 - 0x738da000 	C:\Windows\System32\winrnr.dll
0x738c0000 - 0x738d0000 	C:\Windows\system32\wshbth.dll
0x73e80000 - 0x73ea1000 	C:\Program Files (x86)\Bonjour\mdnsNSP.dll
0x73e20000 - 0x73e28000 	C:\Windows\System32\rasadhlp.dll
0x73e30000 - 0x73e76000 	C:\Windows\System32\fwpuclnt.dll
0x2b6b0000 - 0x2b71e000 	C:\CooCox\CoIDE_V2Beta\configuration\org.eclipse.osgi\bundles\111\1\.cp\swt-win32-3740.dll
0x765c0000 - 0x76655000 	C:\Windows\SYSTEM32\OLEAUT32.dll
0x770e0000 - 0x7717b000 	C:\Windows\SYSTEM32\comdlg32.dll
0x73810000 - 0x73875000 	C:\Windows\SYSTEM32\WINSPOOL.DRV
0x73b40000 - 0x73d46000 	C:\Windows\WinSxS\x86_microsoft.windows.common-controls_6595b64144ccf1df_6.0.9600.17810_none_a9edf09f013934e0\COMCTL32.dll
0x75000000 - 0x762ac000 	C:\Windows\SYSTEM32\SHELL32.dll
0x59790000 - 0x597a6000 	C:\Windows\SYSTEM32\USP10.dll
0x734e0000 - 0x736c4000 	C:\Windows\SYSTEM32\WININET.dll
0x76b60000 - 0x76ce8000 	C:\Windows\SYSTEM32\CRYPT32.dll
0x764f0000 - 0x76535000 	C:\Windows\SYSTEM32\SHLWAPI.dll
0x72ff0000 - 0x73222000 	C:\Windows\SYSTEM32\iertutil.dll
0x76b50000 - 0x76b5e000 	C:\Windows\SYSTEM32\MSASN1.dll
0x74550000 - 0x745db000 	C:\Windows\SYSTEM32\SHCORE.DLL
0x73940000 - 0x7395a000 	C:\Windows\system32\dwmapi.dll
0x74020000 - 0x7415a000 	C:\Windows\SYSTEM32\propsys.dll
0x768b0000 - 0x7693d000 	C:\Windows\SYSTEM32\clbcatq.dll
0x2b840000 - 0x2b85d000 	C:\CooCox\CoIDE_V2Beta\configuration\org.eclipse.osgi\bundles\111\1\.cp\swt-gdip-win32-3740.dll
0x74160000 - 0x742d0000 	C:\Windows\WinSxS\x86_microsoft.windows.gdiplus_6595b64144ccf1df_1.1.9600.17415_none_dad8722c5bcc2d8f\gdiplus.dll
0x70f30000 - 0x7109b000 	C:\Windows\SYSTEM32\WindowsCodecs.dll
0x6c0e0000 - 0x6c15f000 	C:\Windows\system32\DUser.dll
0x6bf70000 - 0x6c0d9000 	C:\Windows\system32\DUI70.dll
0x726a0000 - 0x726f0000 	C:\Windows\SYSTEM32\oleacc.dll
0x733b0000 - 0x733b6000 	C:\Windows\SYSTEM32\msimg32.dll
0x6ee20000 - 0x6fa69000 	C:\Windows\SYSTEM32\ieframe.dll
0x71580000 - 0x716ca000 	C:\Windows\SYSTEM32\urlmon.dll
0x73460000 - 0x734de000 	C:\Windows\SYSTEM32\sxs.dll
0x729e0000 - 0x72a80000 	C:\Windows\SYSTEM32\apphelp.dll
0x6fb80000 - 0x70e79000 	C:\Windows\SYSTEM32\mshtml.dll
0x71900000 - 0x7190a000 	C:\Windows\SYSTEM32\Secur32.dll
0x65720000 - 0x6572e000 	C:\Windows\system32\msimtf.dll
0x74300000 - 0x74340000 	C:\Windows\SYSTEM32\powrprof.dll
0x65690000 - 0x656f9000 	C:\Windows\SYSTEM32\dxgi.dll
0x623a0000 - 0x623d3000 	C:\Windows\SYSTEM32\MLANG.dll
0x6faf0000 - 0x6fafa000 	C:\Windows\SYSTEM32\ondemandconnroutehelper.dll
0x74b10000 - 0x74baf000 	C:\Windows\SYSTEM32\winhttp.dll
0x54320000 - 0x5441d000 	C:\Windows\SYSTEM32\uiautomationcore.dll
0x65230000 - 0x65688000 	C:\Windows\SYSTEM32\jscript9.dll
0x61330000 - 0x61363000 	C:\Windows\SYSTEM32\msls31.dll
0x592b0000 - 0x59331000 	C:\Windows\SYSTEM32\DSOUND.dll
0x54a90000 - 0x54b0f000 	C:\Windows\SYSTEM32\mscms.dll
0x58780000 - 0x5878c000 	C:\Windows\SYSTEM32\atlthunk.dll
0x60f00000 - 0x612e6000 	C:\Windows\SYSTEM32\d2d1.dll
0x65730000 - 0x658b1000 	C:\Windows\SYSTEM32\DWrite.dll
0x64610000 - 0x647e9000 	C:\Windows\SYSTEM32\d3d11.dll
0x53050000 - 0x53075000 	C:\CooCox\CoIDE_V2Beta\jre\bin\jaybird22.dll
0x32aa0000 - 0x32e4d000 	C:\CooCox\CoIDE_V2Beta\jre\bin\fbembed.dll
0x71970000 - 0x71a0b000 	C:\Windows\WinSxS\x86_microsoft.vc80.crt_1fc8b3b9a1e18e3b_8.0.50727.8428_none_d08a11e2442dc25d\MSVCR80.dll
0x72740000 - 0x72756000 	C:\Windows\SYSTEM32\MPR.dll
0x4a800000 - 0x4a8a8000 	C:\CooCox\CoIDE_V2Beta\jre\bin\icuuc30.dll
0x4ad00000 - 0x4ae7f000 	C:\CooCox\CoIDE_V2Beta\jre\bin\icudt30.dll
0x32a10000 - 0x32a16000 	C:\CooCox\CoIDE_V2Beta\jre\bin\ib_util.dll
0x32eb0000 - 0x32f93000 	C:\CooCox\CoIDE_V2Beta\jre\bin\intl\fbintl.DLL
0x74340000 - 0x74368000 	C:\Windows\SYSTEM32\ntmarta.dll
0x33b10000 - 0x33b1e000 	C:\CooCox\CoIDE_V2Beta\configuration\org.eclipse.osgi\bundles\68\1\.cp\os\win32\x86\localfile_1_0_0.dll
0x54b10000 - 0x54b3e000 	C:\Windows\SYSTEM32\XmlLite.dll
0x77180000 - 0x77331000 	C:\Windows\SYSTEM32\SETUPAPI.dll
0x50930000 - 0x50a73000 	C:\CooCox\CoIDE_V2Beta\jre\bin\awt.dll
0x512a0000 - 0x512d9000 	C:\CooCox\CoIDE_V2Beta\jre\bin\fontmanager.dll
0x53090000 - 0x53096000 	C:\CooCox\CoIDE_V2Beta\jre\bin\jawt.dll
0x35920000 - 0x38054000 	C:\CooCox\CoIDE_V2Beta\bin\Release\libcef.dll
0x742d0000 - 0x742df000 	C:\Windows\SYSTEM32\WTSAPI32.dll
0x508b0000 - 0x50923000 	C:\CooCox\CoIDE_V2Beta\bin\Release\jcef.dll
0x62b60000 - 0x62bc0000 	C:\Windows\system32\audioses.dll
0x6ccd0000 - 0x6cd23000 	C:\Windows\system32\MMDevAPI.DLL
0x74db0000 - 0x74ded000 	C:\Windows\SYSTEM32\WINTRUST.dll
0x68220000 - 0x68265000 	C:\Windows\SYSTEM32\WINSTA.dll
0x61460000 - 0x61539000 	C:\Windows\System32\Windows.Globalization.dll
0x6be70000 - 0x6bebd000 	C:\Windows\System32\Bcp47Langs.dll
0x73740000 - 0x73760000 	C:\Windows\SYSTEM32\globinputhost.dll
0x62450000 - 0x624d0000 	C:\Windows\System32\StructuredQuery.dll
0x62a50000 - 0x62b54000 	C:\Windows\SYSTEM32\actxprxy.dll

VM Arguments:
jvm_args: -Dosgi.parentClassloader=ext --launcher.XXMaxPermSize 256M -vmargs -Xms60m -Xmx512m -XX:+UseConcMarkSweepGC -XX:+CMSClassUnloadingEnabled 
java_command: <unknown>
Launcher Type: generic

Environment Variables:
PATH=C:/CooCox/CoIDE_V2Beta/jre/bin/client;C:/CooCox/CoIDE_V2Beta/jre/bin;C:/CooCox/CoIDE_V2Beta/jre/lib/i386;C:\Program Files (x86)\Intel\iCLS Client\;C:\Program Files\Intel\iCLS Client\;C:\Program Files (x86)\NVIDIA Corporation\PhysX\Common;C:\Windows\system32;C:\Windows;C:\Windows\System32\Wbem;C:\Windows\System32\WindowsPowerShell\v1.0\;C:\Program Files (x86)\Acer\abFiles\;C:\Program Files\Intel\Intel(R) Management Engine Components\DAL;C:\Program Files (x86)\Intel\Intel(R) Management Engine Components\DAL;C:\Program Files\Intel\Intel(R) Management Engine Components\IPT;C:\Program Files (x86)\Intel\Intel(R) Management Engine Components\IPT;C:\Program Files\Intel\WiFi\bin\;C:\Program Files\Common Files\Intel\WirelessCommon\;C:\MinGW\bin;C:\Program Files (x86)\Microchip\MPLAB C32 Suite\bin;C:\CooCox\CoIDE_V2Beta\bin;C:\Program Files (x86)\CoIDE_V2Beta\bin;C:\CooCox\CoIDE_V2Beta\gcc\bin;C:\Program Files (x86)\Skype\Phone\;C:\altera\91\modelsim_ase\win32aloem;C:\Program Files (x86)\Microchip\MPLAB C30\bin;C:\JS\Ruby22-x64\bin;C:\MinGW\bin;C:\Modeltech_pe_edu_10.4a\win32pe_edu;C:\Program Files (x86)\GNU Tools ARM Embedded\4.9 2015q3\bin;C:\Program Files (x86)\STMicroelectronics\STM32 ST-LINK Utility\ST-LINK Utility;C:\MinGW\msys\1.0\bin;C:\Users\User\CoIDE\workspace\24-STM32F429_USB_VCP;
USERNAME=User
OS=Windows_NT
PROCESSOR_IDENTIFIER=Intel64 Family 6 Model 61 Stepping 4, GenuineIntel



---------------  S Y S T E M  ---------------

OS: Windows 8 , 64 bit Build 9200 

CPU:total 4 (2 cores per cpu, 2 threads per core) family 6 model 61 stepping 4, cmov, cx8, fxsr, mmx, sse, sse2, sse3, ssse3, sse4.1, sse4.2, popcnt, avx, avx2, aes, erms, ht, tsc, tscinvbit

Memory: 4k page, physical 8300880k(3523984k free), swap 13281616k(7117312k free)

vm_info: Java HotSpot(TM) Client VM (24.71-b01) for windows-x86 JRE (1.7.0_71-b14), built on Sep 26 2014 16:30:49 by "java_re" with unknown MS VC++:1600

time: Thu Jun 16 23:46:59 2016
elapsed time: 497 seconds

