#
# A fatal error has been detected by the Java Runtime Environment:
#
#  EXCEPTION_ACCESS_VIOLATION (0xc0000005) at pc=0x508bdd39, pid=10596, tid=8216
#
# JRE version: Java(TM) SE Runtime Environment (7.0_71-b14) (build 1.7.0_71-b14)
# Java VM: Java HotSpot(TM) Client VM (24.71-b01 mixed mode windows-x86 )
# Problematic frame:
# C  0x508bdd39
#
# Failed to write core dump. Minidumps are not enabled by default on client versions of Windows
#
# If you would like to submit a bug report, please visit:
#   http://bugreport.sun.com/bugreport/crash.jsp
#

---------------  T H R E A D  ---------------

Current thread (0x299e0400):  VMThread [stack: 0x29b20000,0x29c20000] [id=8216]

siginfo: ExceptionCode=0xc0000005, reading address 0x00000058

Registers:
EAX=0x299e0530, EBX=0x50918678, ECX=0x00000000, EDX=0x2e94f874
ESP=0x29c1f848, EBP=0x29c1f860, ESI=0x2e2c04ec, EDI=0x33fa7774
EIP=0x508bdd39, EFLAGS=0x00010206

Top of Stack: (sp=0x29c1f848)
0x29c1f848:   299e0530 2e94f874 33fa7774 2e2c04a0
0x29c1f858:   299e0530 014b74a0 29c1f870 508be190
0x29c1f868:   33fa7774 2e2ca5e0 29c1f88c 508bddcc
0x29c1f878:   00000001 508e7e17 33fa7760 508e7492
0x29c1f888:   00000000 29c1f8ac 36d18e54 2e2ca5e4
0x29c1f898:   34011680 34011680 36d52300 2e2ca52c
0x29c1f8a8:   34062d40 29c1f8b8 36d52adb 34070780
0x29c1f8b8:   29c1f8d4 36d587e8 00000001 36d19756 

Instructions: (pc=0x508bdd39)
0x508bdd19:   00 00 c6 45 ff 00 e8 dc 55 ff ff 83 c4 08 85 c0
0x508bdd29:   75 1f 8b 45 f8 85 c0 74 18 8b 56 bc 8b 08 52 50
0x508bdd39:   8b 41 58 ff d0 8d 4d ff 51 e8 09 56 ff ff 83 c4
0x508bdd49:   04 8d 4e e0 e8 1e 08 02 00 8b 46 d4 8b 08 50 51 


Register to memory mapping:

EAX=
[error occurred during error reporting (printing register info), id 0xc0000005]

Stack: [0x29b20000,0x29c20000],  sp=0x29c1f848,  free space=1022k
Native frames: (J=compiled Java code, j=interpreted, Vv=VM code, C=native code)
C  0x508bdd39
C  0x508be190
C  0x508bddcc
C  0x36d18e54
C  0x36d52adb
C  0x36d587e8
C  0x508e5e16
C  0x508d7813
C  0x5090622b
C  0x508f825a
C  0x508f832d
C  0x508f4c86
C  0x508f4cf1
C  [ntdll.dll+0x497de]
C  [ntdll.dll+0x49758]
C  [ntdll.dll+0x6cd68]
C  [ntdll.dll+0x6ce11]
C  [KERNEL32.DLL+0x29863]
C  [MSVCR100.dll+0x27997]
C  [MSVCR100.dll+0x27ab0]
C  [MSVCR100.dll+0x27b1d]
V  [jvm.dll+0x140952]
V  [jvm.dll+0x16909d]
V  [jvm.dll+0x1684b1]
V  [jvm.dll+0x1688c7]
V  [jvm.dll+0x168ac2]
V  [jvm.dll+0x1a80f9]
C  [MSVCR100.dll+0x5c556]
C  [MSVCR100.dll+0x5c600]
C  [KERNEL32.DLL+0x17c04]
C  [ntdll.dll+0x5ad1f]
C  [ntdll.dll+0x5acea]

VM_Operation (0x0018fac0): Exit, mode: safepoint, requested by thread 0x01d4c000


---------------  P R O C E S S  ---------------

Java Threads: ( => current thread )
  0x2bae1000 JavaThread "AWT-EventQueue-0" [_thread_blocked, id=7808, stack(0x326c0000,0x327c0000)]
  0x2badf000 JavaThread "AWT-Shutdown" [_thread_blocked, id=10872, stack(0x2e480000,0x2e580000)]
  0x2bae0c00 JavaThread "Keep-Alive-Timer" daemon [_thread_blocked, id=11012, stack(0x350a0000,0x351a0000)]
  0x2bae4800 JavaThread "Thread-39" daemon [_thread_in_native, id=7408, stack(0x3c100000,0x3c200000)]
  0x2bae5400 JavaThread "Thread-37" daemon [_thread_in_native, id=7724, stack(0x34fa0000,0x350a0000)]
  0x2bae6800 JavaThread "TimerQueue" daemon [_thread_blocked, id=11344, stack(0x3c700000,0x3c800000)]
  0x2bae3c00 JavaThread "Java2D Disposer" daemon [_thread_blocked, id=10560, stack(0x2e380000,0x2e480000)]
  0x29a58800 JavaThread "Pool C:\Users\User\AppData\Roaming\CooCox\CoIDE\repo\CODB_SIMPLIFY.FDB idleRemover" daemon [_thread_blocked, id=12800, stack(0x33650000,0x33750000)]
  0x29a0d000 JavaThread "Service Thread" daemon [_thread_blocked, id=7192, stack(0x2a3e0000,0x2a4e0000)]
  0x29a07400 JavaThread "C1 CompilerThread0" daemon [_thread_blocked, id=11988, stack(0x2a2a0000,0x2a3a0000)]
  0x29a06c00 JavaThread "Attach Listener" daemon [_thread_blocked, id=12544, stack(0x2a160000,0x2a260000)]
  0x29a06400 JavaThread "Signal Dispatcher" daemon [_thread_blocked, id=8040, stack(0x2a020000,0x2a120000)]
  0x29a06000 JavaThread "Surrogate Locker Thread (Concurrent GC)" daemon [_thread_blocked, id=10236, stack(0x29ee0000,0x29fe0000)]
  0x299e9800 JavaThread "Finalizer" daemon [_thread_blocked, id=5444, stack(0x29da0000,0x29ea0000)]
  0x299e3000 JavaThread "Reference Handler" daemon [_thread_blocked, id=1140, stack(0x29c60000,0x29d60000)]
  0x01d4c000 JavaThread "main" [_thread_blocked, id=12136, stack(0x00090000,0x00190000)]

Other Threads:
=>0x299e0400 VMThread [stack: 0x29b20000,0x29c20000] [id=8216]

VM state:at safepoint (shutting down)

VM Mutex/Monitor currently owned by a thread:  ([mutex/lock_event])
[0x01d4a768] Threads_lock - owner thread: 0x299e0400

Heap
 par new generation   total 18432K, used 4959K [0x04600000, 0x05a00000, 0x0f0a0000)
  eden space 16384K,  17% used [0x04600000, 0x048d7c48, 0x05600000)
  from space 2048K, 100% used [0x05600000, 0x05800000, 0x05800000)
  to   space 2048K,   0% used [0x05800000, 0x05800000, 0x05a00000)
 concurrent mark-sweep generation total 54400K, used 28798K [0x0f0a0000, 0x125c0000, 0x24600000)
 concurrent-mark-sweep perm gen total 65536K, used 45821K [0x24600000, 0x28600000, 0x28600000)

Card table byte_map: [0x28600000,0x28730000] byte_map_base: 0x285dd000

Polling page: 0x003a0000

Code Cache  [0x020e0000, 0x02950000, 0x040e0000)
 total_blobs=4489 nmethods=4224 adapters=196 free_code_cache=24142Kb largest_free_block=24718400

Compilation events (10 events):
Event: 6481.576 Thread 0x29a07400 4284             org.eclipse.osgi.internal.serviceregistry.ShrinkableCollection::initComposite (157 bytes)
Event: 6481.576 Thread 0x29a07400 nmethod 4284 0x0294ab08 code [0x0294acf0, 0x0294b01c]
Event: 6481.576 Thread 0x29a07400 4285             org.eclipse.osgi.framework.eventmgr.CopyOnWriteIdentityMap$Snapshot$EntrySet::iterator (12 bytes)
Event: 6481.577 Thread 0x29a07400 nmethod 4285 0x0294b388 code [0x0294b480, 0x0294b570]
Event: 6481.590 Thread 0x29a07400 4286  s          org.eclipse.osgi.framework.eventmgr.ListenerQueue::queueListeners (37 bytes)
Event: 6481.591 Thread 0x29a07400 nmethod 4286 0x0294b648 code [0x0294b770, 0x0294b9f4]
Event: 6481.596 Thread 0x29a07400 4287             org.eclipse.osgi.framework.eventmgr.CopyOnWriteIdentityMap$Snapshot$EntrySet::size (9 bytes)
Event: 6481.596 Thread 0x29a07400 nmethod 4287 0x0294bb08 code [0x0294bc00, 0x0294bc90]
Event: 6481.609 Thread 0x29a07400 4288   !         org.eclipse.osgi.internal.serviceregistry.ServiceRegistry::publishServiceEventPrivileged (256 bytes)
Event: 6481.610 Thread 0x29a07400 nmethod 4288 0x0294bd08 code [0x0294bf90, 0x0294c8f4]

GC Heap History (10 events):
Event: 6350.388 GC heap before
{Heap before GC invocations=45 (full 6):
 par new generation   total 18432K, used 18121K [0x04600000, 0x05a00000, 0x0f0a0000)
  eden space 16384K, 100% used [0x04600000, 0x05600000, 0x05600000)
  from space 2048K,  84% used [0x05800000, 0x059b25d8, 0x05a00000)
  to   space 2048K,   0% used [0x05600000, 0x05600000, 0x05800000)
 concurrent mark-sweep generation total 50624K, used 22997K [0x0f0a0000, 0x12210000, 0x24600000)
 concurrent-mark-sweep perm gen total 65536K, used 42669K [0x24600000, 0x28600000, 0x28600000)
Event: 6350.391 GC heap after
Heap after GC invocations=46 (full 6):
 par new generation   total 18432K, used 1627K [0x04600000, 0x05a00000, 0x0f0a0000)
  eden space 16384K,   0% used [0x04600000, 0x04600000, 0x05600000)
  from space 2048K,  79% used [0x05600000, 0x05796e30, 0x05800000)
  to   space 2048K,   0% used [0x05800000, 0x05800000, 0x05a00000)
 concurrent mark-sweep generation total 50624K, used 23374K [0x0f0a0000, 0x12210000, 0x24600000)
 concurrent-mark-sweep perm gen total 65536K, used 42669K [0x24600000, 0x28600000, 0x28600000)
}
Event: 6408.054 GC heap before
{Heap before GC invocations=46 (full 6):
 par new generation   total 18432K, used 18011K [0x04600000, 0x05a00000, 0x0f0a0000)
  eden space 16384K, 100% used [0x04600000, 0x05600000, 0x05600000)
  from space 2048K,  79% used [0x05600000, 0x05796e30, 0x05800000)
  to   space 2048K,   0% used [0x05800000, 0x05800000, 0x05a00000)
 concurrent mark-sweep generation total 50624K, used 23374K [0x0f0a0000, 0x12210000, 0x24600000)
 concurrent-mark-sweep perm gen total 65536K, used 44976K [0x24600000, 0x28600000, 0x28600000)
Event: 6408.061 GC heap after
Heap after GC invocations=47 (full 6):
 par new generation   total 18432K, used 2025K [0x04600000, 0x05a00000, 0x0f0a0000)
  eden space 16384K,   0% used [0x04600000, 0x04600000, 0x05600000)
  from space 2048K,  98% used [0x05800000, 0x059fa420, 0x05a00000)
  to   space 2048K,   0% used [0x05600000, 0x05600000, 0x05800000)
 concurrent mark-sweep generation total 54400K, used 27884K [0x0f0a0000, 0x125c0000, 0x24600000)
 concurrent-mark-sweep perm gen total 65536K, used 44976K [0x24600000, 0x28600000, 0x28600000)
}
Event: 6474.203 GC heap before
{Heap before GC invocations=47 (full 6):
 par new generation   total 18432K, used 18409K [0x04600000, 0x05a00000, 0x0f0a0000)
  eden space 16384K, 100% used [0x04600000, 0x05600000, 0x05600000)
  from space 2048K,  98% used [0x05800000, 0x059fa420, 0x05a00000)
  to   space 2048K,   0% used [0x05600000, 0x05600000, 0x05800000)
 concurrent mark-sweep generation total 54400K, used 27884K [0x0f0a0000, 0x125c0000, 0x24600000)
 concurrent-mark-sweep perm gen total 65536K, used 45273K [0x24600000, 0x28600000, 0x28600000)
Event: 6474.208 GC heap after
Heap after GC invocations=48 (full 6):
 par new generation   total 18432K, used 1409K [0x04600000, 0x05a00000, 0x0f0a0000)
  eden space 16384K,   0% used [0x04600000, 0x04600000, 0x05600000)
  from space 2048K,  68% used [0x05600000, 0x057606a8, 0x05800000)
  to   space 2048K,   0% used [0x05800000, 0x05800000, 0x05a00000)
 concurrent mark-sweep generation total 54400K, used 28646K [0x0f0a0000, 0x125c0000, 0x24600000)
 concurrent-mark-sweep perm gen total 65536K, used 45273K [0x24600000, 0x28600000, 0x28600000)
}
Event: 6475.295 GC heap before
{Heap before GC invocations=48 (full 6):
 par new generation   total 18432K, used 17793K [0x04600000, 0x05a00000, 0x0f0a0000)
  eden space 16384K, 100% used [0x04600000, 0x05600000, 0x05600000)
  from space 2048K,  68% used [0x05600000, 0x057606a8, 0x05800000)
  to   space 2048K,   0% used [0x05800000, 0x05800000, 0x05a00000)
 concurrent mark-sweep generation total 54400K, used 28646K [0x0f0a0000, 0x125c0000, 0x24600000)
 concurrent-mark-sweep perm gen total 65536K, used 45342K [0x24600000, 0x28600000, 0x28600000)
Event: 6475.298 GC heap after
Heap after GC invocations=49 (full 6):
 par new generation   total 18432K, used 1106K [0x04600000, 0x05a00000, 0x0f0a0000)
  eden space 16384K,   0% used [0x04600000, 0x04600000, 0x05600000)
  from space 2048K,  54% used [0x05800000, 0x05914838, 0x05a00000)
  to   space 2048K,   0% used [0x05600000, 0x05600000, 0x05800000)
 concurrent mark-sweep generation total 54400K, used 28646K [0x0f0a0000, 0x125c0000, 0x24600000)
 concurrent-mark-sweep perm gen total 65536K, used 45342K [0x24600000, 0x28600000, 0x28600000)
}
Event: 6481.528 GC heap before
{Heap before GC invocations=49 (full 6):
 par new generation   total 18432K, used 17490K [0x04600000, 0x05a00000, 0x0f0a0000)
  eden space 16384K, 100% used [0x04600000, 0x05600000, 0x05600000)
  from space 2048K,  54% used [0x05800000, 0x05914838, 0x05a00000)
  to   space 2048K,   0% used [0x05600000, 0x05600000, 0x05800000)
 concurrent mark-sweep generation total 54400K, used 28646K [0x0f0a0000, 0x125c0000, 0x24600000)
 concurrent-mark-sweep perm gen total 65536K, used 45653K [0x24600000, 0x28600000, 0x28600000)
Event: 6481.532 GC heap after
Heap after GC invocations=50 (full 6):
 par new generation   total 18432K, used 2048K [0x04600000, 0x05a00000, 0x0f0a0000)
  eden space 16384K,   0% used [0x04600000, 0x04600000, 0x05600000)
  from space 2048K, 100% used [0x05600000, 0x05800000, 0x05800000)
  to   space 2048K,   0% used [0x05800000, 0x05800000, 0x05a00000)
 concurrent mark-sweep generation total 54400K, used 28798K [0x0f0a0000, 0x125c0000, 0x24600000)
 concurrent-mark-sweep perm gen total 65536K, used 45653K [0x24600000, 0x28600000, 0x28600000)
}

Deoptimization events (0 events):
No events

Internal exceptions (10 events):
Event: 6481.585 Thread 0x01d4c000 Threw 0x047df628 at C:\re\jdk7u71\1605\hotspot\src\share\vm\prims\jvm.cpp:1281
Event: 6481.586 Thread 0x01d4c000 Threw 0x047e3838 at C:\re\jdk7u71\1605\hotspot\src\share\vm\prims\jvm.cpp:1281
Event: 6481.598 Thread 0x01d4c000 Threw 0x047fa478 at C:\re\jdk7u71\1605\hotspot\src\share\vm\prims\jvm.cpp:1281
Event: 6481.598 Thread 0x01d4c000 Threw 0x047fe6d0 at C:\re\jdk7u71\1605\hotspot\src\share\vm\prims\jvm.cpp:1281
Event: 6481.599 Thread 0x01d4c000 Threw 0x04803708 at C:\re\jdk7u71\1605\hotspot\src\share\vm\prims\jvm.cpp:1281
Event: 6481.601 Thread 0x01d4c000 Threw 0x0480f948 at C:\re\jdk7u71\1605\hotspot\src\share\vm\prims\jvm.cpp:1281
Event: 6481.605 Thread 0x2a739400 Threw 0x048244e8 at C:\re\jdk7u71\1605\hotspot\src\share\vm\prims\jvm.cpp:3002
Event: 6481.609 Thread 0x2e92dc00 Threw 0x0482d500 at C:\re\jdk7u71\1605\hotspot\src\share\vm\runtime\objectMonitor.cpp:1652
Event: 6481.626 Thread 0x2a748c00 Threw 0x04835ad0 at C:\re\jdk7u71\1605\hotspot\src\share\vm\runtime\objectMonitor.cpp:1652
Event: 6481.712 Thread 0x2a753400 Threw 0x04823f40 at C:\re\jdk7u71\1605\hotspot\src\share\vm\runtime\objectMonitor.cpp:1652

Events (10 events):
Event: 6481.712 loading class 0x29a88468 done
Event: 6481.712 Thread 0x2a70f800 Thread exited: 0x2a70f800
Event: 6481.713 Thread 0x2bae0400 Thread added: 0x2bae0400
Event: 6481.713 Thread 0x2bae1c00 Thread added: 0x2bae1c00
Event: 6481.713 Thread 0x2bae0400 Thread exited: 0x2bae0400
Event: 6481.715 Executing VM operation: BulkRevokeBias
Event: 6481.715 Executing VM operation: BulkRevokeBias done
Event: 6481.715 Thread 0x2bae6400 Thread exited: 0x2bae6400
Event: 6481.813 Thread 0x2bae1c00 Thread exited: 0x2bae1c00
Event: 6481.814 Executing VM operation: Exit


Dynamic libraries:
0x00400000 - 0x0040d000 	C:\CooCox\CoIDE_V2Beta\CoIDE.exe
0x77420000 - 0x7758e000 	C:\Windows\SYSTEM32\ntdll.dll
0x762c0000 - 0x76400000 	C:\Windows\SYSTEM32\KERNEL32.DLL
0x77000000 - 0x770d7000 	C:\Windows\SYSTEM32\KERNELBASE.dll
0x769f0000 - 0x76b43000 	C:\Windows\SYSTEM32\USER32.dll
0x733c0000 - 0x73449000 	C:\Windows\WinSxS\x86_microsoft.windows.common-controls_6595b64144ccf1df_5.82.9600.17810_none_7c5b6194aa0716f1\COMCTL32.dll
0x74f00000 - 0x74fc3000 	C:\Windows\SYSTEM32\MSVCRT.dll
0x74df0000 - 0x74eff000 	C:\Windows\SYSTEM32\GDI32.dll
0x76540000 - 0x765bc000 	C:\Windows\SYSTEM32\ADVAPI32.dll
0x76660000 - 0x766a1000 	C:\Windows\SYSTEM32\sechost.dll
0x76f40000 - 0x76ffa000 	C:\Windows\SYSTEM32\RPCRT4.dll
0x74c20000 - 0x74c3e000 	C:\Windows\SYSTEM32\SspiCli.dll
0x74c10000 - 0x74c1a000 	C:\Windows\SYSTEM32\CRYPTBASE.dll
0x74bb0000 - 0x74c04000 	C:\Windows\SYSTEM32\bcryptPrimitives.dll
0x76830000 - 0x76857000 	C:\Windows\system32\IMM32.DLL
0x76cf0000 - 0x76e02000 	C:\Windows\SYSTEM32\MSCTF.dll
0x72000000 - 0x7200d000 	C:\CooCox\CoIDE_V2Beta\plugins\org.eclipse.equinox.launcher.win32.win32.x86_1.1.100.v20110502\eclipse_1406.dll
0x74000000 - 0x74008000 	C:\Windows\SYSTEM32\VERSION.dll
0x6daa0000 - 0x6de29000 	C:\CooCox\CoIDE_V2Beta\jre\bin\client\jvm.dll
0x72390000 - 0x72398000 	C:\Windows\SYSTEM32\WSOCK32.dll
0x72480000 - 0x724a3000 	C:\Windows\SYSTEM32\WINMM.dll
0x769a0000 - 0x769a6000 	C:\Windows\SYSTEM32\PSAPI.DLL
0x745f0000 - 0x746af000 	C:\Windows\SYSTEM32\MSVCR100.dll
0x76860000 - 0x768b0000 	C:\Windows\SYSTEM32\WS2_32.dll
0x723a0000 - 0x723c3000 	C:\Windows\SYSTEM32\WINMMBASE.dll
0x762b0000 - 0x762b7000 	C:\Windows\SYSTEM32\NSI.dll
0x769b0000 - 0x769ec000 	C:\Windows\SYSTEM32\cfgmgr32.dll
0x743c0000 - 0x743e1000 	C:\Windows\SYSTEM32\DEVOBJ.dll
0x53130000 - 0x5313c000 	C:\CooCox\CoIDE_V2Beta\jre\bin\verify.dll
0x53110000 - 0x53130000 	C:\CooCox\CoIDE_V2Beta\jre\bin\java.dll
0x530f0000 - 0x53103000 	C:\CooCox\CoIDE_V2Beta\jre\bin\zip.dll
0x73fe0000 - 0x73ff9000 	C:\Windows\SYSTEM32\CRYPTSP.dll
0x73fb0000 - 0x73fe0000 	C:\Windows\system32\rsaenh.dll
0x73f90000 - 0x73fae000 	C:\Windows\SYSTEM32\bcrypt.dll
0x742e0000 - 0x742fb000 	C:\Windows\SYSTEM32\USERENV.dll
0x74540000 - 0x7454f000 	C:\Windows\SYSTEM32\profapi.dll
0x530d0000 - 0x530e4000 	C:\CooCox\CoIDE_V2Beta\jre\bin\net.dll
0x74370000 - 0x743bb000 	C:\Windows\system32\mswsock.dll
0x74760000 - 0x74780000 	C:\Windows\SYSTEM32\IPHLPAPI.DLL
0x745e0000 - 0x745e8000 	C:\Windows\SYSTEM32\WINNSI.DLL
0x73a30000 - 0x73a43000 	C:\Windows\SYSTEM32\dhcpcsvc6.DLL
0x73a10000 - 0x73a24000 	C:\Windows\SYSTEM32\dhcpcsvc.DLL
0x530c0000 - 0x530cf000 	C:\CooCox\CoIDE_V2Beta\jre\bin\nio.dll
0x73a50000 - 0x73b3d000 	C:\Windows\system32\uxtheme.dll
0x766b0000 - 0x7682d000 	C:\Windows\SYSTEM32\combase.dll
0x71940000 - 0x7194e000 	C:\Program Files\Acer\Acer Power Management\CBT_DLL.dll
0x76e10000 - 0x76f39000 	C:\Windows\system32\ole32.dll
0x74010000 - 0x74019000 	C:\Windows\SYSTEM32\kernel.appcore.dll
0x73920000 - 0x73931000 	C:\Windows\system32\napinsp.dll
0x73900000 - 0x73916000 	C:\Windows\system32\pnrpnsp.dll
0x738e0000 - 0x738f4000 	C:\Windows\system32\NLAapi.dll
0x73eb0000 - 0x73f2e000 	C:\Windows\SYSTEM32\DNSAPI.dll
0x738d0000 - 0x738da000 	C:\Windows\System32\winrnr.dll
0x738c0000 - 0x738d0000 	C:\Windows\system32\wshbth.dll
0x73e80000 - 0x73ea1000 	C:\Program Files (x86)\Bonjour\mdnsNSP.dll
0x73e20000 - 0x73e28000 	C:\Windows\System32\rasadhlp.dll
0x73e30000 - 0x73e76000 	C:\Windows\System32\fwpuclnt.dll
0x2b690000 - 0x2b6fe000 	C:\CooCox\CoIDE_V2Beta\configuration\org.eclipse.osgi\bundles\111\1\.cp\swt-win32-3740.dll
0x765c0000 - 0x76655000 	C:\Windows\SYSTEM32\OLEAUT32.dll
0x770e0000 - 0x7717b000 	C:\Windows\SYSTEM32\comdlg32.dll
0x73810000 - 0x73875000 	C:\Windows\SYSTEM32\WINSPOOL.DRV
0x73b40000 - 0x73d46000 	C:\Windows\WinSxS\x86_microsoft.windows.common-controls_6595b64144ccf1df_6.0.9600.17810_none_a9edf09f013934e0\COMCTL32.dll
0x75000000 - 0x762ac000 	C:\Windows\SYSTEM32\SHELL32.dll
0x59790000 - 0x597a6000 	C:\Windows\SYSTEM32\USP10.dll
0x734e0000 - 0x736c4000 	C:\Windows\SYSTEM32\WININET.dll
0x76b60000 - 0x76ce8000 	C:\Windows\SYSTEM32\CRYPT32.dll
0x764f0000 - 0x76535000 	C:\Windows\SYSTEM32\SHLWAPI.dll
0x72ff0000 - 0x73222000 	C:\Windows\SYSTEM32\iertutil.dll
0x76b50000 - 0x76b5e000 	C:\Windows\SYSTEM32\MSASN1.dll
0x74550000 - 0x745db000 	C:\Windows\SYSTEM32\SHCORE.DLL
0x73940000 - 0x7395a000 	C:\Windows\system32\dwmapi.dll
0x74020000 - 0x7415a000 	C:\Windows\SYSTEM32\propsys.dll
0x768b0000 - 0x7693d000 	C:\Windows\SYSTEM32\clbcatq.dll
0x2c050000 - 0x2c06d000 	C:\CooCox\CoIDE_V2Beta\configuration\org.eclipse.osgi\bundles\111\1\.cp\swt-gdip-win32-3740.dll
0x74160000 - 0x742d0000 	C:\Windows\WinSxS\x86_microsoft.windows.gdiplus_6595b64144ccf1df_1.1.9600.17415_none_dad8722c5bcc2d8f\gdiplus.dll
0x70f30000 - 0x7109b000 	C:\Windows\SYSTEM32\WindowsCodecs.dll
0x6c0e0000 - 0x6c15f000 	C:\Windows\system32\DUser.dll
0x6bf70000 - 0x6c0d9000 	C:\Windows\system32\DUI70.dll
0x726a0000 - 0x726f0000 	C:\Windows\SYSTEM32\oleacc.dll
0x733b0000 - 0x733b6000 	C:\Windows\SYSTEM32\msimg32.dll
0x6ee20000 - 0x6fa69000 	C:\Windows\SYSTEM32\ieframe.dll
0x71580000 - 0x716ca000 	C:\Windows\SYSTEM32\urlmon.dll
0x73460000 - 0x734de000 	C:\Windows\SYSTEM32\sxs.dll
0x729e0000 - 0x72a80000 	C:\Windows\SYSTEM32\apphelp.dll
0x6fb80000 - 0x70e79000 	C:\Windows\SYSTEM32\mshtml.dll
0x71900000 - 0x7190a000 	C:\Windows\SYSTEM32\Secur32.dll
0x65720000 - 0x6572e000 	C:\Windows\system32\msimtf.dll
0x74300000 - 0x74340000 	C:\Windows\SYSTEM32\powrprof.dll
0x65690000 - 0x656f9000 	C:\Windows\SYSTEM32\dxgi.dll
0x623a0000 - 0x623d3000 	C:\Windows\SYSTEM32\MLANG.dll
0x6faf0000 - 0x6fafa000 	C:\Windows\SYSTEM32\ondemandconnroutehelper.dll
0x74b10000 - 0x74baf000 	C:\Windows\SYSTEM32\winhttp.dll
0x54320000 - 0x5441d000 	C:\Windows\SYSTEM32\uiautomationcore.dll
0x65230000 - 0x65688000 	C:\Windows\SYSTEM32\jscript9.dll
0x61330000 - 0x61363000 	C:\Windows\SYSTEM32\msls31.dll
0x592b0000 - 0x59331000 	C:\Windows\SYSTEM32\DSOUND.dll
0x54a90000 - 0x54b0f000 	C:\Windows\SYSTEM32\mscms.dll
0x58780000 - 0x5878c000 	C:\Windows\SYSTEM32\atlthunk.dll
0x77180000 - 0x77331000 	C:\Windows\SYSTEM32\SETUPAPI.dll
0x60f00000 - 0x612e6000 	C:\Windows\SYSTEM32\d2d1.dll
0x65730000 - 0x658b1000 	C:\Windows\SYSTEM32\DWrite.dll
0x64610000 - 0x647e9000 	C:\Windows\SYSTEM32\d3d11.dll
0x53050000 - 0x53075000 	C:\CooCox\CoIDE_V2Beta\jre\bin\jaybird22.dll
0x32890000 - 0x32c3d000 	C:\CooCox\CoIDE_V2Beta\jre\bin\fbembed.dll
0x71970000 - 0x71a0b000 	C:\Windows\WinSxS\x86_microsoft.vc80.crt_1fc8b3b9a1e18e3b_8.0.50727.8428_none_d08a11e2442dc25d\MSVCR80.dll
0x72740000 - 0x72756000 	C:\Windows\SYSTEM32\MPR.dll
0x4a800000 - 0x4a8a8000 	C:\CooCox\CoIDE_V2Beta\jre\bin\icuuc30.dll
0x4ad00000 - 0x4ae7f000 	C:\CooCox\CoIDE_V2Beta\jre\bin\icudt30.dll
0x32850000 - 0x32856000 	C:\CooCox\CoIDE_V2Beta\jre\bin\ib_util.dll
0x32c40000 - 0x32d23000 	C:\CooCox\CoIDE_V2Beta\jre\bin\intl\fbintl.DLL
0x74340000 - 0x74368000 	C:\Windows\SYSTEM32\ntmarta.dll
0x33950000 - 0x3395e000 	C:\CooCox\CoIDE_V2Beta\configuration\org.eclipse.osgi\bundles\68\1\.cp\os\win32\x86\localfile_1_0_0.dll
0x62a50000 - 0x62b54000 	C:\Windows\SYSTEM32\actxprxy.dll
0x61460000 - 0x61539000 	C:\Windows\System32\Windows.Globalization.dll
0x6be70000 - 0x6bebd000 	C:\Windows\System32\Bcp47Langs.dll
0x73740000 - 0x73760000 	C:\Windows\SYSTEM32\globinputhost.dll
0x62450000 - 0x624d0000 	C:\Windows\System32\StructuredQuery.dll
0x736d0000 - 0x736f8000 	C:\Windows\System32\shacct.dll
0x6ccc0000 - 0x6ccc9000 	C:\Windows\System32\drprov.dll
0x68220000 - 0x68265000 	C:\Windows\System32\WINSTA.dll
0x73700000 - 0x73714000 	C:\Windows\System32\SAMLIB.dll
0x6bcb0000 - 0x6bcc2000 	C:\Windows\System32\ntlanman.dll
0x6bc90000 - 0x6bcaa000 	C:\Windows\System32\davclnt.dll
0x6ccb0000 - 0x6ccba000 	C:\Windows\System32\DAVHLPR.dll
0x71800000 - 0x71811000 	C:\Windows\System32\wkscli.dll
0x717f0000 - 0x717ff000 	C:\Windows\SYSTEM32\cscapi.dll
0x71840000 - 0x7184a000 	C:\Windows\System32\netutils.dll
0x5e150000 - 0x5e2ea000 	C:\Windows\system32\NetworkExplorer.dll

VM Arguments:
jvm_args: -Dosgi.parentClassloader=ext --launcher.XXMaxPermSize 256M -vmargs -Xms60m -Xmx512m -XX:+UseConcMarkSweepGC -XX:+CMSClassUnloadingEnabled 
java_command: <unknown>
Launcher Type: generic

Environment Variables:
PATH=C:/CooCox/CoIDE_V2Beta/jre/bin/client;C:/CooCox/CoIDE_V2Beta/jre/bin;C:/CooCox/CoIDE_V2Beta/jre/lib/i386;C:\Program Files (x86)\Intel\iCLS Client\;C:\Program Files\Intel\iCLS Client\;C:\Program Files (x86)\NVIDIA Corporation\PhysX\Common;C:\Windows\system32;C:\Windows;C:\Windows\System32\Wbem;C:\Windows\System32\WindowsPowerShell\v1.0\;C:\Program Files (x86)\Acer\abFiles\;C:\Program Files\Intel\Intel(R) Management Engine Components\DAL;C:\Program Files (x86)\Intel\Intel(R) Management Engine Components\DAL;C:\Program Files\Intel\Intel(R) Management Engine Components\IPT;C:\Program Files (x86)\Intel\Intel(R) Management Engine Components\IPT;C:\Program Files\Intel\WiFi\bin\;C:\Program Files\Common Files\Intel\WirelessCommon\;C:\MinGW\bin;C:\Program Files (x86)\Microchip\MPLAB C32 Suite\bin;C:\CooCox\CoIDE_V2Beta\bin;C:\Program Files (x86)\CoIDE_V2Beta\bin;C:\CooCox\CoIDE_V2Beta\gcc\bin;C:\Program Files (x86)\Skype\Phone\;C:\altera\91\modelsim_ase\win32aloem;C:\Program Files (x86)\Microchip\MPLAB C30\bin;C:\JS\Ruby22-x64\bin;C:\MinGW\bin;C:\Modeltech_pe_edu_10.4a\win32pe_edu;C:\Program Files (x86)\GNU Tools ARM Embedded\4.9 2015q3\bin;C:\Program Files (x86)\STMicroelectronics\STM32 ST-LINK Utility\ST-LINK Utility;C:\MinGW\msys\1.0\bin;C:\Users\User\CoIDE\workspace\STM32DiscoveryVCP;
USERNAME=User
OS=Windows_NT
PROCESSOR_IDENTIFIER=Intel64 Family 6 Model 61 Stepping 4, GenuineIntel



---------------  S Y S T E M  ---------------

OS: Windows 8 , 64 bit Build 9200 

CPU:total 4 (2 cores per cpu, 2 threads per core) family 6 model 61 stepping 4, cmov, cx8, fxsr, mmx, sse, sse2, sse3, ssse3, sse4.1, sse4.2, popcnt, avx, avx2, aes, erms, ht, tsc, tscinvbit

Memory: 4k page, physical 8300880k(3499020k free), swap 13281616k(6963308k free)

vm_info: Java HotSpot(TM) Client VM (24.71-b01) for windows-x86 JRE (1.7.0_71-b14), built on Sep 26 2014 16:30:49 by "java_re" with unknown MS VC++:1600

time: Fri Jun 17 02:37:36 2016
elapsed time: 6482 seconds

